<?xml version="1.0" encoding="UTF-8"?>
<testng-results skipped="0" failed="3" total="13" passed="10">
  <reporter-output>
  </reporter-output>
  <suite name="GadgetsGallery-03102021" duration-ms="0" started-at="2021-10-24T05:51:36Z" finished-at="2021-10-24T05:51:36Z">
    <groups>
    </groups>
  </suite> <!-- GadgetsGallery-03102021 -->
  <suite name="TestSuiteB-Payroll Management" duration-ms="40172" started-at="2021-10-24T05:50:53Z" finished-at="2021-10-24T05:51:33Z">
    <groups>
    </groups>
    <test name="SearchProduct Test" duration-ms="31209" started-at="2021-10-24T05:50:53Z" finished-at="2021-10-24T05:51:24Z">
      <class name="unicodeTech.TestSuiteB.SearchProduct">
        <test-method status="PASS" signature="setup()[pri:0, instance:unicodeTech.TestSuiteB.SearchProduct@2fc14f68]" name="setup" is-config="true" duration-ms="2" started-at="2021-10-24T11:20:53Z" finished-at="2021-10-24T11:20:53Z">
          <reporter-output>
          </reporter-output>
        </test-method> <!-- setup -->
        <test-method status="PASS" signature="testSearchProduct(java.lang.String)[pri:0, instance:unicodeTech.TestSuiteB.SearchProduct@2fc14f68]" name="testSearchProduct" duration-ms="6388" started-at="2021-10-24T11:20:53Z" data-provider="getTestData" finished-at="2021-10-24T11:21:00Z">
          <params>
            <param index="0">
              <value>
                <![CDATA[Samsung]]>
              </value>
            </param>
          </params>
          <reporter-output>
          </reporter-output>
        </test-method> <!-- testSearchProduct -->
        <test-method status="PASS" signature="testSearchProduct(java.lang.String)[pri:0, instance:unicodeTech.TestSuiteB.SearchProduct@2fc14f68]" name="testSearchProduct" duration-ms="6270" started-at="2021-10-24T11:21:00Z" data-provider="getTestData" finished-at="2021-10-24T11:21:06Z">
          <params>
            <param index="0">
              <value>
                <![CDATA[sony]]>
              </value>
            </param>
          </params>
          <reporter-output>
          </reporter-output>
        </test-method> <!-- testSearchProduct -->
        <test-method status="PASS" signature="testSearchProduct(java.lang.String)[pri:0, instance:unicodeTech.TestSuiteB.SearchProduct@2fc14f68]" name="testSearchProduct" duration-ms="6709" started-at="2021-10-24T11:21:06Z" data-provider="getTestData" finished-at="2021-10-24T11:21:13Z">
          <params>
            <param index="0">
              <value>
                <![CDATA[]]>
              </value>
            </param>
          </params>
          <reporter-output>
          </reporter-output>
        </test-method> <!-- testSearchProduct -->
        <test-method status="PASS" signature="testSearchProduct(java.lang.String)[pri:0, instance:unicodeTech.TestSuiteB.SearchProduct@2fc14f68]" name="testSearchProduct" duration-ms="6625" started-at="2021-10-24T11:21:13Z" data-provider="getTestData" finished-at="2021-10-24T11:21:19Z">
          <params>
            <param index="0">
              <value>
                <![CDATA[iphone]]>
              </value>
            </param>
          </params>
          <reporter-output>
          </reporter-output>
        </test-method> <!-- testSearchProduct -->
        <test-method status="PASS" signature="testSearchProduct(java.lang.String)[pri:0, instance:unicodeTech.TestSuiteB.SearchProduct@2fc14f68]" name="testSearchProduct" duration-ms="5203" started-at="2021-10-24T11:21:19Z" data-provider="getTestData" finished-at="2021-10-24T11:21:24Z">
          <params>
            <param index="0">
              <value>
                <![CDATA[Smartwatches]]>
              </value>
            </param>
          </params>
          <reporter-output>
          </reporter-output>
        </test-method> <!-- testSearchProduct -->
      </class> <!-- unicodeTech.TestSuiteB.SearchProduct -->
    </test> <!-- SearchProduct Test -->
    <test name="NewProductLinks Test" duration-ms="3090" started-at="2021-10-24T05:51:25Z" finished-at="2021-10-24T05:51:28Z">
      <class name="unicodeTech.TestSuiteB.NewProductLinks">
        <test-method status="PASS" signature="setup()[pri:0, instance:unicodeTech.TestSuiteB.NewProductLinks@7bb11784]" name="setup" is-config="true" duration-ms="2" started-at="2021-10-24T11:21:25Z" finished-at="2021-10-24T11:21:25Z">
          <reporter-output>
          </reporter-output>
        </test-method> <!-- setup -->
        <test-method status="PASS" signature="testNewProductLinks()[pri:0, instance:unicodeTech.TestSuiteB.NewProductLinks@7bb11784]" name="testNewProductLinks" duration-ms="3085" started-at="2021-10-24T11:21:25Z" finished-at="2021-10-24T11:21:28Z">
          <reporter-output>
          </reporter-output>
        </test-method> <!-- testNewProductLinks -->
      </class> <!-- unicodeTech.TestSuiteB.NewProductLinks -->
    </test> <!-- NewProductLinks Test -->
    <test name="SelectSpecificProduct Test" duration-ms="5654" started-at="2021-10-24T05:51:28Z" finished-at="2021-10-24T05:51:33Z">
      <class name="unicodeTech.TestSuiteB.SelectSpecificProduct">
        <test-method status="PASS" signature="setup()[pri:0, instance:unicodeTech.TestSuiteB.SelectSpecificProduct@17d99928]" name="setup" is-config="true" duration-ms="2" started-at="2021-10-24T11:21:28Z" finished-at="2021-10-24T11:21:28Z">
          <reporter-output>
          </reporter-output>
        </test-method> <!-- setup -->
        <test-method status="PASS" signature="testSelectSpecificProduct()[pri:0, instance:unicodeTech.TestSuiteB.SelectSpecificProduct@17d99928]" name="testSelectSpecificProduct" duration-ms="5650" started-at="2021-10-24T11:21:28Z" finished-at="2021-10-24T11:21:33Z">
          <reporter-output>
          </reporter-output>
        </test-method> <!-- testSelectSpecificProduct -->
      </class> <!-- unicodeTech.TestSuiteB.SelectSpecificProduct -->
    </test> <!-- SelectSpecificProduct Test -->
  </suite> <!-- TestSuiteB-Payroll Management -->
  <suite name="TestSuiteA-HR Management" duration-ms="224266" started-at="2021-10-24T05:47:09Z" finished-at="2021-10-24T05:50:53Z">
    <groups>
    </groups>
    <test name="ValidateUser Test" duration-ms="119490" started-at="2021-10-24T05:47:09Z" finished-at="2021-10-24T05:49:08Z">
      <class name="unicodeTech.TestSuiteA.ValidateUser">
        <test-method status="PASS" signature="setup()[pri:0, instance:unicodeTech.TestSuiteA.ValidateUser@6f79caec]" name="setup" is-config="true" duration-ms="35993" started-at="2021-10-24T11:17:09Z" finished-at="2021-10-24T11:17:45Z">
          <reporter-output>
          </reporter-output>
        </test-method> <!-- setup -->
        <test-method status="FAIL" signature="testValidateUser(java.lang.String, java.lang.String)[pri:0, instance:unicodeTech.TestSuiteA.ValidateUser@6f79caec]" name="testValidateUser" duration-ms="19826" started-at="2021-10-24T11:17:45Z" data-provider="getTestData" finished-at="2021-10-24T11:18:05Z">
          <params>
            <param index="0">
              <value>
                <![CDATA[demo@unicodetechnologies.in]]>
              </value>
            </param>
            <param index="1">
              <value>
                <![CDATA[unicode]]>
              </value>
            </param>
          </params>
          <exception class="java.lang.AssertionError">
            <message>
              <![CDATA[Invalid username or password]]>
            </message>
            <full-stacktrace>
              <![CDATA[java.lang.AssertionError: Invalid username or password
	at org.testng.Assert.fail(Assert.java:94)
	at unicodeTech.TestSuiteA.ValidateUser.testValidateUser(ValidateUser.java:58)
	at sun.reflect.NativeMethodAccessorImpl.invoke0(Native Method)
	at sun.reflect.NativeMethodAccessorImpl.invoke(NativeMethodAccessorImpl.java:62)
	at sun.reflect.DelegatingMethodAccessorImpl.invoke(DelegatingMethodAccessorImpl.java:43)
	at java.lang.reflect.Method.invoke(Method.java:498)
	at org.testng.internal.MethodInvocationHelper.invokeMethod(MethodInvocationHelper.java:84)
	at org.testng.internal.Invoker.invokeMethod(Invoker.java:714)
	at org.testng.internal.Invoker.invokeTestMethod(Invoker.java:901)
	at org.testng.internal.Invoker.invokeTestMethods(Invoker.java:1231)
	at org.testng.internal.TestMethodWorker.invokeTestMethods(TestMethodWorker.java:127)
	at org.testng.internal.TestMethodWorker.run(TestMethodWorker.java:111)
	at org.testng.TestRunner.privateRun(TestRunner.java:767)
	at org.testng.TestRunner.run(TestRunner.java:617)
	at org.testng.SuiteRunner.runTest(SuiteRunner.java:334)
	at org.testng.SuiteRunner.runSequentially(SuiteRunner.java:329)
	at org.testng.SuiteRunner.privateRun(SuiteRunner.java:291)
	at org.testng.SuiteRunner.run(SuiteRunner.java:240)
	at org.testng.SuiteRunnerWorker.runSuite(SuiteRunnerWorker.java:52)
	at org.testng.SuiteRunnerWorker.run(SuiteRunnerWorker.java:86)
	at org.testng.TestNG.runSuitesSequentially(TestNG.java:1224)
	at org.testng.TestNG.runSuitesSequentially(TestNG.java:1220)
	at org.testng.TestNG.runSuitesLocally(TestNG.java:1149)
	at org.testng.TestNG.run(TestNG.java:1057)
	at org.testng.TestNG.privateMain(TestNG.java:1364)
	at org.testng.TestNG.main(TestNG.java:1333)
]]>
            </full-stacktrace>
          </exception> <!-- java.lang.AssertionError -->
          <reporter-output>
          </reporter-output>
        </test-method> <!-- testValidateUser -->
        <test-method status="FAIL" signature="testValidateUser(java.lang.String, java.lang.String)[pri:0, instance:unicodeTech.TestSuiteA.ValidateUser@6f79caec]" name="testValidateUser" duration-ms="14389" started-at="2021-10-24T11:18:05Z" data-provider="getTestData" finished-at="2021-10-24T11:18:19Z">
          <params>
            <param index="0">
              <value>
                <![CDATA[]]>
              </value>
            </param>
            <param index="1">
              <value>
                <![CDATA[unicode]]>
              </value>
            </param>
          </params>
          <exception class="java.lang.AssertionError">
            <message>
              <![CDATA[Invalid username or password]]>
            </message>
            <full-stacktrace>
              <![CDATA[java.lang.AssertionError: Invalid username or password
	at org.testng.Assert.fail(Assert.java:94)
	at unicodeTech.TestSuiteA.ValidateUser.testValidateUser(ValidateUser.java:58)
	at sun.reflect.NativeMethodAccessorImpl.invoke0(Native Method)
	at sun.reflect.NativeMethodAccessorImpl.invoke(NativeMethodAccessorImpl.java:62)
	at sun.reflect.DelegatingMethodAccessorImpl.invoke(DelegatingMethodAccessorImpl.java:43)
	at java.lang.reflect.Method.invoke(Method.java:498)
	at org.testng.internal.MethodInvocationHelper.invokeMethod(MethodInvocationHelper.java:84)
	at org.testng.internal.Invoker.invokeMethod(Invoker.java:714)
	at org.testng.internal.Invoker.invokeTestMethod(Invoker.java:901)
	at org.testng.internal.Invoker.invokeTestMethods(Invoker.java:1231)
	at org.testng.internal.TestMethodWorker.invokeTestMethods(TestMethodWorker.java:127)
	at org.testng.internal.TestMethodWorker.run(TestMethodWorker.java:111)
	at org.testng.TestRunner.privateRun(TestRunner.java:767)
	at org.testng.TestRunner.run(TestRunner.java:617)
	at org.testng.SuiteRunner.runTest(SuiteRunner.java:334)
	at org.testng.SuiteRunner.runSequentially(SuiteRunner.java:329)
	at org.testng.SuiteRunner.privateRun(SuiteRunner.java:291)
	at org.testng.SuiteRunner.run(SuiteRunner.java:240)
	at org.testng.SuiteRunnerWorker.runSuite(SuiteRunnerWorker.java:52)
	at org.testng.SuiteRunnerWorker.run(SuiteRunnerWorker.java:86)
	at org.testng.TestNG.runSuitesSequentially(TestNG.java:1224)
	at org.testng.TestNG.runSuitesSequentially(TestNG.java:1220)
	at org.testng.TestNG.runSuitesLocally(TestNG.java:1149)
	at org.testng.TestNG.run(TestNG.java:1057)
	at org.testng.TestNG.privateMain(TestNG.java:1364)
	at org.testng.TestNG.main(TestNG.java:1333)
]]>
            </full-stacktrace>
          </exception> <!-- java.lang.AssertionError -->
          <reporter-output>
          </reporter-output>
        </test-method> <!-- testValidateUser -->
        <test-method status="FAIL" signature="testValidateUser(java.lang.String, java.lang.String)[pri:0, instance:unicodeTech.TestSuiteA.ValidateUser@6f79caec]" name="testValidateUser" duration-ms="14262" started-at="2021-10-24T11:18:19Z" data-provider="getTestData" finished-at="2021-10-24T11:18:34Z">
          <params>
            <param index="0">
              <value>
                <![CDATA[demo1@unicodetechnologies.in]]>
              </value>
            </param>
            <param index="1">
              <value>
                <![CDATA[]]>
              </value>
            </param>
          </params>
          <exception class="java.lang.AssertionError">
            <message>
              <![CDATA[Invalid username or password]]>
            </message>
            <full-stacktrace>
              <![CDATA[java.lang.AssertionError: Invalid username or password
	at org.testng.Assert.fail(Assert.java:94)
	at unicodeTech.TestSuiteA.ValidateUser.testValidateUser(ValidateUser.java:58)
	at sun.reflect.NativeMethodAccessorImpl.invoke0(Native Method)
	at sun.reflect.NativeMethodAccessorImpl.invoke(NativeMethodAccessorImpl.java:62)
	at sun.reflect.DelegatingMethodAccessorImpl.invoke(DelegatingMethodAccessorImpl.java:43)
	at java.lang.reflect.Method.invoke(Method.java:498)
	at org.testng.internal.MethodInvocationHelper.invokeMethod(MethodInvocationHelper.java:84)
	at org.testng.internal.Invoker.invokeMethod(Invoker.java:714)
	at org.testng.internal.Invoker.invokeTestMethod(Invoker.java:901)
	at org.testng.internal.Invoker.invokeTestMethods(Invoker.java:1231)
	at org.testng.internal.TestMethodWorker.invokeTestMethods(TestMethodWorker.java:127)
	at org.testng.internal.TestMethodWorker.run(TestMethodWorker.java:111)
	at org.testng.TestRunner.privateRun(TestRunner.java:767)
	at org.testng.TestRunner.run(TestRunner.java:617)
	at org.testng.SuiteRunner.runTest(SuiteRunner.java:334)
	at org.testng.SuiteRunner.runSequentially(SuiteRunner.java:329)
	at org.testng.SuiteRunner.privateRun(SuiteRunner.java:291)
	at org.testng.SuiteRunner.run(SuiteRunner.java:240)
	at org.testng.SuiteRunnerWorker.runSuite(SuiteRunnerWorker.java:52)
	at org.testng.SuiteRunnerWorker.run(SuiteRunnerWorker.java:86)
	at org.testng.TestNG.runSuitesSequentially(TestNG.java:1224)
	at org.testng.TestNG.runSuitesSequentially(TestNG.java:1220)
	at org.testng.TestNG.runSuitesLocally(TestNG.java:1149)
	at org.testng.TestNG.run(TestNG.java:1057)
	at org.testng.TestNG.privateMain(TestNG.java:1364)
	at org.testng.TestNG.main(TestNG.java:1333)
]]>
            </full-stacktrace>
          </exception> <!-- java.lang.AssertionError -->
          <reporter-output>
          </reporter-output>
        </test-method> <!-- testValidateUser -->
        <test-method status="PASS" signature="testValidateUser(java.lang.String, java.lang.String)[pri:0, instance:unicodeTech.TestSuiteA.ValidateUser@6f79caec]" name="testValidateUser" duration-ms="17811" started-at="2021-10-24T11:18:34Z" data-provider="getTestData" finished-at="2021-10-24T11:18:51Z">
          <params>
            <param index="0">
              <value>
                <![CDATA[demo1@unicodetechnologies.in]]>
              </value>
            </param>
            <param index="1">
              <value>
                <![CDATA[unicode1]]>
              </value>
            </param>
          </params>
          <reporter-output>
          </reporter-output>
        </test-method> <!-- testValidateUser -->
        <test-method status="PASS" signature="testValidateUser(java.lang.String, java.lang.String)[pri:0, instance:unicodeTech.TestSuiteA.ValidateUser@6f79caec]" name="testValidateUser" duration-ms="17012" started-at="2021-10-24T11:18:51Z" data-provider="getTestData" finished-at="2021-10-24T11:19:08Z">
          <params>
            <param index="0">
              <value>
                <![CDATA[demo2@unicodetechnologies.in]]>
              </value>
            </param>
            <param index="1">
              <value>
                <![CDATA[unicode2]]>
              </value>
            </param>
          </params>
          <reporter-output>
          </reporter-output>
        </test-method> <!-- testValidateUser -->
      </class> <!-- unicodeTech.TestSuiteA.ValidateUser -->
    </test> <!-- ValidateUser Test -->
    <test name="BestsellerLinks Test" duration-ms="104377" started-at="2021-10-24T05:49:09Z" finished-at="2021-10-24T05:50:53Z">
      <class name="unicodeTech.TestSuiteA.BestsellerLinks">
        <test-method status="PASS" signature="setup()[pri:0, instance:unicodeTech.TestSuiteA.BestsellerLinks@326de728]" name="setup" is-config="true" duration-ms="1" started-at="2021-10-24T11:19:09Z" finished-at="2021-10-24T11:19:09Z">
          <reporter-output>
          </reporter-output>
        </test-method> <!-- setup -->
        <test-method status="PASS" signature="testBestsellerLinks()[pri:0, instance:unicodeTech.TestSuiteA.BestsellerLinks@326de728]" name="testBestsellerLinks" duration-ms="104371" started-at="2021-10-24T11:19:09Z" finished-at="2021-10-24T11:20:53Z">
          <reporter-output>
          </reporter-output>
        </test-method> <!-- testBestsellerLinks -->
      </class> <!-- unicodeTech.TestSuiteA.BestsellerLinks -->
    </test> <!-- BestsellerLinks Test -->
  </suite> <!-- TestSuiteA-HR Management -->
</testng-results>
